2020-04-27 15:09:29,123 INFO o.a.j.u.JMeterUtils: Setting Locale to en_EN
2020-04-27 15:09:29,151 INFO o.a.j.JMeter: Loading user properties from: C:\Learnings\Jmeter\apache-jmeter-5.2.1\bin\user.properties
2020-04-27 15:09:29,154 INFO o.a.j.JMeter: Loading system properties from: C:\Learnings\Jmeter\apache-jmeter-5.2.1\bin\system.properties
2020-04-27 15:09:29,157 INFO o.a.j.JMeter: Copyright (c) 1998-2019 The Apache Software Foundation
2020-04-27 15:09:29,157 INFO o.a.j.JMeter: Version 5.2.1
2020-04-27 15:09:29,157 INFO o.a.j.JMeter: java.version=1.8.0_221
2020-04-27 15:09:29,157 INFO o.a.j.JMeter: java.vm.name=Java HotSpot(TM) 64-Bit Server VM
2020-04-27 15:09:29,157 INFO o.a.j.JMeter: os.name=Windows 10
2020-04-27 15:09:29,157 INFO o.a.j.JMeter: os.arch=amd64
2020-04-27 15:09:29,158 INFO o.a.j.JMeter: os.version=10.0
2020-04-27 15:09:29,158 INFO o.a.j.JMeter: file.encoding=Cp1252
2020-04-27 15:09:29,158 INFO o.a.j.JMeter: java.awt.headless=true
2020-04-27 15:09:29,158 INFO o.a.j.JMeter: Max memory     =1073741824
2020-04-27 15:09:29,158 INFO o.a.j.JMeter: Available Processors =8
2020-04-27 15:09:29,167 INFO o.a.j.JMeter: Default Locale=English (EN)
2020-04-27 15:09:29,167 INFO o.a.j.JMeter: JMeter  Locale=English (EN)
2020-04-27 15:09:29,168 INFO o.a.j.JMeter: JMeterHome=C:\Learnings\Jmeter\apache-jmeter-5.2.1
2020-04-27 15:09:29,168 INFO o.a.j.JMeter: user.dir  =C:\Learnings\Jmeter\Projects
2020-04-27 15:09:29,169 INFO o.a.j.JMeter: PWD       =C:\Learnings\Jmeter\Projects
2020-04-27 15:09:29,180 INFO o.a.j.JMeter: IP: 192.168.1.5 Name: ATDHDCTZB2 FullName: host.docker.internal
2020-04-27 15:09:29,186 INFO o.a.j.JMeter: Setting property 'jmeter.reportgenerator.outputdir' to:'C:\Learnings\Jmeter\Projects\.\test'
2020-04-27 15:09:29,196 INFO o.a.j.r.d.ReportGenerator: ReportGenerator will use for Parsing the separator: ','
2020-04-27 15:09:29,197 INFO o.a.j.r.d.ReportGenerator: Will only generate report from results file: aggregatereport.csv
2020-04-27 15:09:29,197 INFO o.a.j.r.d.ReportGenerator: Reading report generator properties from: C:\Learnings\Jmeter\apache-jmeter-5.2.1\bin\reportgenerator.properties
2020-04-27 15:09:29,199 INFO o.a.j.r.d.ReportGenerator: Merging with JMeter properties
2020-04-27 15:09:29,211 INFO o.a.j.r.c.ReportGeneratorConfiguration: Property 'jmeter.reportgenerator.temp_dir' not found, using default value 'temp' instead.
2020-04-27 15:09:29,217 INFO o.a.j.r.c.ReportGeneratorConfiguration: Property 'jmeter.reportgenerator.apdex_per_transaction' not found, using default value 'null' instead.
2020-04-27 15:09:29,223 INFO o.a.j.r.c.ReportGeneratorConfiguration: apdex_per_transaction is empty, not APDEX per transaction customization
2020-04-27 15:09:29,224 INFO o.a.j.r.c.ReportGeneratorConfiguration: Property 'jmeter.reportgenerator.sample_filter' not found, using default value 'null' instead.
2020-04-27 15:09:29,224 INFO o.a.j.r.c.ReportGeneratorConfiguration: Property 'jmeter.reportgenerator.report_title' not found, using default value 'null' instead.
2020-04-27 15:09:29,224 INFO o.a.j.r.c.ReportGeneratorConfiguration: Property 'jmeter.reportgenerator.start_date' not found, using default value 'null' instead.
2020-04-27 15:09:29,224 INFO o.a.j.r.c.ReportGeneratorConfiguration: Property 'jmeter.reportgenerator.end_date' not found, using default value 'null' instead.
2020-04-27 15:09:29,224 INFO o.a.j.r.c.ReportGeneratorConfiguration: Property 'jmeter.reportgenerator.date_format' not found, using default value 'null' instead.
2020-04-27 15:09:29,225 INFO o.a.j.r.c.ReportGeneratorConfiguration: Will use date range start date: null, end date: null
2020-04-27 15:09:29,236 INFO o.a.j.r.c.ReportGeneratorConfiguration: Property 'jmeter.reportgenerator.graph.totalTPS.exclude_controllers' not found, using default value 'false' instead.
2020-04-27 15:09:29,236 INFO o.a.j.r.c.ReportGeneratorConfiguration: Property 'jmeter.reportgenerator.graph.activeThreadsOverTime.exclude_controllers' not found, using default value 'false' instead.
2020-04-27 15:09:29,237 INFO o.a.j.r.c.ReportGeneratorConfiguration: Property 'jmeter.reportgenerator.graph.timeVsThreads.exclude_controllers' not found, using default value 'false' instead.
2020-04-27 15:09:29,237 INFO o.a.j.r.c.ReportGeneratorConfiguration: Property 'jmeter.reportgenerator.graph.responseTimeDistribution.exclude_controllers' not found, using default value 'false' instead.
2020-04-27 15:09:29,237 INFO o.a.j.r.c.ReportGeneratorConfiguration: Property 'jmeter.reportgenerator.graph.transactionsPerSecond.exclude_controllers' not found, using default value 'false' instead.
2020-04-27 15:09:29,237 INFO o.a.j.r.c.ReportGeneratorConfiguration: Property 'jmeter.reportgenerator.graph.responseTimePercentiles.exclude_controllers' not found, using default value 'false' instead.
2020-04-27 15:09:29,238 INFO o.a.j.r.c.ReportGeneratorConfiguration: Property 'jmeter.reportgenerator.graph.responseTimePercentilesOverTime.exclude_controllers' not found, using default value 'false' instead.
2020-04-27 15:09:29,238 INFO o.a.j.r.c.ReportGeneratorConfiguration: Property 'jmeter.reportgenerator.graph.responseTimesOverTime.exclude_controllers' not found, using default value 'false' instead.
2020-04-27 15:09:29,238 INFO o.a.j.r.c.ReportGeneratorConfiguration: Property 'jmeter.reportgenerator.graph.connectTimeOverTime.exclude_controllers' not found, using default value 'false' instead.
2020-04-27 15:09:29,239 INFO o.a.j.r.c.ReportGeneratorConfiguration: Property 'jmeter.reportgenerator.graph.latenciesOverTime.exclude_controllers' not found, using default value 'false' instead.
2020-04-27 15:09:29,240 INFO o.a.j.r.c.ReportGeneratorConfiguration: Property 'jmeter.reportgenerator.exporter.json.filters_only_sample_series' not found, using default value 'true' instead.
2020-04-27 15:09:29,240 INFO o.a.j.r.c.ReportGeneratorConfiguration: Property 'jmeter.reportgenerator.exporter.json.series_filter' not found, using default value '' instead.
2020-04-27 15:09:29,240 INFO o.a.j.r.c.ReportGeneratorConfiguration: Property 'jmeter.reportgenerator.exporter.json.show_controllers_only' not found, using default value 'false' instead.
2020-04-27 15:09:29,242 INFO o.a.j.r.c.ReportGeneratorConfiguration: Property 'jmeter.reportgenerator.exporter.html.filters_only_sample_series' not found, using default value 'true' instead.
2020-04-27 15:09:29,242 INFO o.a.j.r.c.ReportGeneratorConfiguration: Property 'jmeter.reportgenerator.exporter.html.series_filter' not found, using default value '' instead.
2020-04-27 15:09:29,242 INFO o.a.j.r.c.ReportGeneratorConfiguration: Property 'jmeter.reportgenerator.exporter.html.show_controllers_only' not found, using default value 'false' instead.
2020-04-27 15:09:29,499 INFO o.a.j.s.SaveService: Testplan (JMX) version: 2.2. Testlog (JTL) version: 2.2
2020-04-27 15:09:29,516 INFO o.a.j.s.SaveService: Using SaveService properties file encoding UTF-8
2020-04-27 15:09:29,527 INFO o.a.j.s.SaveService: Using SaveService properties version 5.0
2020-04-27 15:09:29,582 INFO o.a.j.r.p.NormalizerSampleConsumer: Using format, 'ms', to parse timeStamp field
2020-04-27 15:09:29,778 INFO o.a.j.r.p.AbstractSampleConsumer: class org.apache.jmeter.report.processor.AggregateConsumer#stopProducing(): beginDate produced 0 samples
2020-04-27 15:09:29,779 INFO o.a.j.r.p.AbstractSampleConsumer: class org.apache.jmeter.report.processor.AggregateConsumer#stopProducing(): endDate produced 0 samples
2020-04-27 15:09:29,783 INFO o.a.j.r.p.AbstractSampleConsumer: class org.apache.jmeter.report.processor.ApdexSummaryConsumer#stopProducing(): apdexSummary produced 0 samples
2020-04-27 15:09:29,784 INFO o.a.j.r.p.AbstractSampleConsumer: class org.apache.jmeter.report.processor.RequestsSummaryConsumer#stopProducing(): requestsSummary produced 0 samples
2020-04-27 15:09:29,794 INFO o.a.j.r.p.AbstractSampleConsumer: class org.apache.jmeter.report.processor.StatisticsSummaryConsumer#stopProducing(): statisticsSummary produced 0 samples
2020-04-27 15:09:29,818 INFO o.a.j.r.p.AbstractSampleConsumer: class org.apache.jmeter.report.processor.Top5ErrorsBySamplerConsumer#stopProducing(): top5ErrorsBySampler produced 0 samples
2020-04-27 15:09:29,818 INFO o.a.j.r.p.AbstractSampleConsumer: class org.apache.jmeter.report.processor.ErrorsSummaryConsumer#stopProducing(): errorsSummary produced 0 samples
2020-04-27 15:09:29,818 INFO o.a.j.r.p.AbstractSampleConsumer: class org.apache.jmeter.report.processor.graph.impl.HitsPerSecondGraphConsumer#stopProducing(): hitsPerSecond produced 0 samples
2020-04-27 15:09:29,853 INFO o.a.j.r.p.AbstractSampleConsumer: class org.apache.jmeter.report.processor.graph.impl.LatencyVSRequestGraphConsumer#stopProducing(): latencyVsRequest produced 0 samples
2020-04-27 15:09:29,854 INFO o.a.j.r.p.AbstractSampleConsumer: class org.apache.jmeter.report.processor.graph.impl.SyntheticResponseTimeDistributionGraphConsumer#stopProducing(): syntheticResponseTimeDistribution produced 0 samples
2020-04-27 15:09:29,855 INFO o.a.j.r.p.AbstractSampleConsumer: class org.apache.jmeter.report.processor.graph.impl.BytesThroughputGraphConsumer#stopProducing(): bytesThroughputOverTime produced 0 samples
2020-04-27 15:09:29,855 INFO o.a.j.r.p.AbstractSampleConsumer: class org.apache.jmeter.report.processor.graph.impl.CodesPerSecondGraphConsumer#stopProducing(): codesPerSecond produced 0 samples
2020-04-27 15:09:29,870 INFO o.a.j.r.p.AbstractSampleConsumer: class org.apache.jmeter.report.processor.graph.impl.ResponseTimeVSRequestGraphConsumer#stopProducing(): responseTimeVsRequest produced 0 samples
2020-04-27 15:09:29,871 INFO o.a.j.r.p.AbstractSampleConsumer: class org.apache.jmeter.report.processor.FilterConsumer#stopProducing(): startIntervalControlerFilter produced 350 samples
2020-04-27 15:09:29,871 INFO o.a.j.r.p.AbstractSampleConsumer: class org.apache.jmeter.report.processor.graph.impl.TotalTPSGraphConsumer#stopProducing(): totalTPS produced 0 samples
2020-04-27 15:09:29,871 INFO o.a.j.r.p.AbstractSampleConsumer: class org.apache.jmeter.report.processor.graph.impl.ActiveThreadsGraphConsumer#stopProducing(): activeThreadsOverTime produced 0 samples
2020-04-27 15:09:29,872 INFO o.a.j.r.p.AbstractSampleConsumer: class org.apache.jmeter.report.processor.graph.impl.TimeVSThreadGraphConsumer#stopProducing(): timeVsThreads produced 0 samples
2020-04-27 15:09:29,872 INFO o.a.j.r.p.AbstractSampleConsumer: class org.apache.jmeter.report.processor.graph.impl.ResponseTimeDistributionGraphConsumer#stopProducing(): responseTimeDistribution produced 0 samples
2020-04-27 15:09:29,872 INFO o.a.j.r.p.AbstractSampleConsumer: class org.apache.jmeter.report.processor.graph.impl.TransactionsPerSecondGraphConsumer#stopProducing(): transactionsPerSecond produced 0 samples
2020-04-27 15:09:29,873 INFO o.a.j.r.p.AbstractSampleConsumer: class org.apache.jmeter.report.processor.graph.impl.ResponseTimePercentilesGraphConsumer#stopProducing(): responseTimePercentiles produced 0 samples
2020-04-27 15:09:29,874 INFO o.a.j.r.p.AbstractSampleConsumer: class org.apache.jmeter.report.processor.graph.impl.ResponseTimePercentilesOverTimeGraphConsumer#stopProducing(): responseTimePercentilesOverTime produced 0 samples
2020-04-27 15:09:29,875 INFO o.a.j.r.p.AbstractSampleConsumer: class org.apache.jmeter.report.processor.graph.impl.ResponseTimeOverTimeGraphConsumer#stopProducing(): responseTimesOverTime produced 0 samples
2020-04-27 15:09:29,875 INFO o.a.j.r.p.AbstractSampleConsumer: class org.apache.jmeter.report.processor.graph.impl.ConnectTimeOverTimeGraphConsumer#stopProducing(): connectTimeOverTime produced 0 samples
2020-04-27 15:09:29,875 INFO o.a.j.r.p.AbstractSampleConsumer: class org.apache.jmeter.report.processor.graph.impl.LatencyOverTimeGraphConsumer#stopProducing(): latenciesOverTime produced 0 samples
2020-04-27 15:09:29,876 INFO o.a.j.r.p.AbstractSampleConsumer: class org.apache.jmeter.report.processor.FilterConsumer#stopProducing(): nameFilter produced 750 samples
2020-04-27 15:09:29,876 INFO o.a.j.r.p.AbstractSampleConsumer: class org.apache.jmeter.report.processor.FilterConsumer#stopProducing(): dateRangeFilter produced 150 samples
2020-04-27 15:09:29,876 INFO o.a.j.r.p.AbstractSampleConsumer: class org.apache.jmeter.report.processor.NormalizerSampleConsumer#stopProducing(): normalizer produced 50 samples
2020-04-27 15:09:29,877 INFO o.a.j.r.p.CsvFileSampleSource: produce(): 50 samples produced in 232ms on channel 0
2020-04-27 15:09:29,878 INFO o.a.j.r.d.ReportGenerator: Exporting data using exporter:'json' of className:'org.apache.jmeter.report.dashboard.JsonExporter'
2020-04-27 15:09:29,881 INFO o.a.j.r.d.JsonExporter: Found data for consumer statisticsSummary in context
2020-04-27 15:09:29,882 INFO o.a.j.r.d.JsonExporter: Creating statistics for overall
2020-04-27 15:09:29,883 INFO o.a.j.r.d.JsonExporter: Creating statistics for other transactions
2020-04-27 15:09:29,884 INFO o.a.j.r.d.JsonExporter: Checking output folder
2020-04-27 15:09:29,887 INFO o.a.j.r.d.JsonExporter: Writing statistics JSON to C:\Learnings\Jmeter\Projects\.\test\statistics.json
2020-04-27 15:09:30,331 INFO o.a.j.r.d.ReportGenerator: Exporting data using exporter:'html' of className:'org.apache.jmeter.report.dashboard.HtmlTemplateExporter'
2020-04-27 15:09:30,341 INFO o.a.j.r.d.HtmlTemplateExporter: Will generate dashboard in folder: C:\Learnings\Jmeter\Projects\.\test
2020-04-27 15:09:30,589 INFO o.a.j.r.d.HtmlTemplateExporter: Report will be generated in: C:\Learnings\Jmeter\Projects\.\test, creating folder structure
2020-04-27 15:09:30,598 INFO o.a.j.r.d.TemplateVisitor: Copying folder from 'C:\Learnings\Jmeter\apache-jmeter-5.2.1\bin\report-template' to 'C:\Learnings\Jmeter\Projects\.\test', got message: C:\Learnings\Jmeter\Projects\.\test, found non empty folder with following content [C:\Learnings\Jmeter\Projects\.\test\statistics.json], will be ignored
